<?xml version="1.0" encoding="UTF-8"?>
<testng-results ignored="0" total="1" passed="1" failed="0" skipped="0">
  <reporter-output>
  </reporter-output>
  <suite started-at="2024-11-22T13:12:43 IST" name="Default suite" finished-at="2024-11-22T13:13:04 IST" duration-ms="21506">
    <groups>
    </groups>
    <test started-at="2024-11-22T13:12:43 IST" name="Default test" finished-at="2024-11-22T13:13:04 IST" duration-ms="21506">
      <class name="Selenium.TestCases.TCenter">
        <test-method is-config="true" signature="preCondition()[pri:0, instance:Selenium.TestCases.TCenter@52b1beb6]" started-at="2024-11-22T13:12:43 IST" name="preCondition" finished-at="2024-11-22T13:12:46 IST" duration-ms="3731" status="PASS">
          <reporter-output>
          </reporter-output>
        </test-method> <!-- preCondition -->
        <test-method signature="verify()[pri:0, instance:Selenium.TestCases.TCenter@52b1beb6]" started-at="2024-11-22T13:12:46 IST" name="verify" finished-at="2024-11-22T13:13:04 IST" duration-ms="17707" status="PASS">
          <reporter-output>
          </reporter-output>
        </test-method> <!-- verify -->
        <test-method is-config="true" signature="postCondition()[pri:0, instance:Selenium.TestCases.TCenter@52b1beb6]" started-at="2024-11-22T13:13:04 IST" name="postCondition" finished-at="2024-11-22T13:13:04 IST" duration-ms="0" status="PASS">
          <reporter-output>
          </reporter-output>
        </test-method> <!-- postCondition -->
      </class> <!-- Selenium.TestCases.TCenter -->
    </test> <!-- Default test -->
  </suite> <!-- Default suite -->
</testng-results>
